[8449a6f0-dd44-43c4-8429-87c3ab2f6469, initial]: "GET" ["player","1"] ""Incoming request: "GET" ["player","1"] ""
[8449a6f0-dd44-43c4-8429-87c3ab2f6469, initial]: "GET" ["player","1"] ""Retrieving player with id: "1"
[8449a6f0-dd44-43c4-8429-87c3ab2f6469, initial]: "GET" ["player","1"] ""Returning json response: Player {playerId = 1, name = "Pearline", email = "Johnny.Brakus0@hotmail.com"}
[856d2b14-b2d0-405e-948b-d02437c57b01, initial]: "GET" ["player","69"] ""Incoming request: "GET" ["player","69"] ""
[856d2b14-b2d0-405e-948b-d02437c57b01, initial]: "GET" ["player","69"] ""Retrieving player with id: "69"
[9ac19021-f365-4c18-be47-aabc45c5f733, initial]: "GET" ["player","69"] ""Incoming request: "GET" ["player","69"] ""
[9ac19021-f365-4c18-be47-aabc45c5f733, initial]: "GET" ["player","69"] ""Retrieving player with id: "69"
[4e2d80b6-ac47-4c0d-beab-67fdb0b113bc, initial]: "GET" ["player","69"] ""Incoming request: "GET" ["player","69"] ""
[4e2d80b6-ac47-4c0d-beab-67fdb0b113bc, initial]: "GET" ["player","69"] ""Retrieving player with id: "69"
[fb06ca23-2928-44d7-8f5d-781d8d5b754e, initial]: "GET" ["player","69"] ""Incoming request: "GET" ["player","69"] ""
[fb06ca23-2928-44d7-8f5d-781d8d5b754e, initial]: "GET" ["player","69"] ""Retrieving player with id: "69"
[0ed90c33-af48-4b31-b1c3-1b80e31347c5, initial]: "GET" ["player","69"] ""Incoming request: "GET" ["player","69"] ""
[0ed90c33-af48-4b31-b1c3-1b80e31347c5, initial]: "GET" ["player","69"] ""Retrieving player with id: "69"
[d1961e84-72bf-4c66-bc01-82c45a491cb6, initial]: "GET" ["player","69"] ""Incoming request: "GET" ["player","69"] ""
[d1961e84-72bf-4c66-bc01-82c45a491cb6, initial]: "GET" ["player","69"] ""Retrieving player with id: "69"
[ee7e1951-8dff-412a-9367-6f60c85e878f, initial]: "GET" ["player","69"] ""Incoming request: "GET" ["player","69"] ""
[ee7e1951-8dff-412a-9367-6f60c85e878f, initial]: "GET" ["player","69"] ""Retrieving player with id: "69"
[667d0c92-6fd6-41ef-a5ad-0f32e6d90042, initial]: "GET" ["player","69"] ""Incoming request: "GET" ["player","69"] ""
[667d0c92-6fd6-41ef-a5ad-0f32e6d90042, initial]: "GET" ["player","69"] ""Retrieving player with id: "69"
[97329b29-30b4-47ea-8c8c-066f3dcec104, initial]: "GET" ["player","69"] ""Incoming request
[97329b29-30b4-47ea-8c8c-066f3dcec104, initial]: "GET" ["player","69"] ""Retrieving player with email: "69"
[01f2ca7c-b3b2-4d76-b097-ecb3289a8d8e, initial]: "GET" ["player","test@test.com"] ""Incoming request
[01f2ca7c-b3b2-4d76-b097-ecb3289a8d8e, initial]: "GET" ["player","test@test.com"] ""Retrieving player with email: "test@test.com"
[782bcefd-51de-44cb-b5fc-03ef0ad3c8c4, initial]: "POST" ["player"] "{\n    \"name\": \"Xzavier\",\n    \"email\": \"Lucile95@gmail.com\"\n}"Incoming request
[782bcefd-51de-44cb-b5fc-03ef0ad3c8c4, initial]: "POST" ["player"] "{\n    \"name\": \"Xzavier\",\n    \"email\": \"Lucile95@gmail.com\"\n}"Creating player...
[782bcefd-51de-44cb-b5fc-03ef0ad3c8c4, createPlayer]: "POST" ["player"] "{\n    \"name\": \"Xzavier\",\n    \"email\": \"Lucile95@gmail.com\"\n}"Created player with id: 8
[782bcefd-51de-44cb-b5fc-03ef0ad3c8c4, createPlayer]: "POST" ["player"] "{\n    \"name\": \"Xzavier\",\n    \"email\": \"Lucile95@gmail.com\"\n}"Returning json response: Player {playerId = 8, name = "Xzavier", email = "Lucile95@gmail.com"}
[6bae668c-aaff-4c03-bad0-406e9477b24a, initial]: "GET" ["player","\"Lucile95@gmail.com\""] ""Incoming request
[6bae668c-aaff-4c03-bad0-406e9477b24a, initial]: "GET" ["player","\"Lucile95@gmail.com\""] ""Retrieving player with email: "\"Lucile95@gmail.com\""
[bd9c9f51-8df2-4b7e-a013-3a4d24256ba0, initial]: "GET" ["player","Lucile95@gmail.com"] ""Incoming request
[bd9c9f51-8df2-4b7e-a013-3a4d24256ba0, initial]: "GET" ["player","Lucile95@gmail.com"] ""Retrieving player with email: "Lucile95@gmail.com"
[9cfce07f-07f8-4d58-a8ca-350ca9499b05, initial]: "GET" ["player","Lucile95@gmail.com"] ""Incoming request
[9cfce07f-07f8-4d58-a8ca-350ca9499b05, initial]: "GET" ["player","Lucile95@gmail.com"] ""Retrieving player with email: "Lucile95@gmail.com"
[9cfce07f-07f8-4d58-a8ca-350ca9499b05, getPlayer]: "GET" ["player","Lucile95@gmail.com"] ""Returning json response: Player {playerId = 8, name = "Xzavier", email = "Lucile95@gmail.com"}
[ca896a4e-60a4-4544-8ae4-19fdcb78c64d, initial]: "POST" ["player"] "{\n    \"name\": \"Lukas\",\n    \"email\": \"Ali12@hotmail.com\"\n}"Incoming request
[ca896a4e-60a4-4544-8ae4-19fdcb78c64d, initial]: "POST" ["player"] "{\n    \"name\": \"Lukas\",\n    \"email\": \"Ali12@hotmail.com\"\n}"Creating player...
[ca896a4e-60a4-4544-8ae4-19fdcb78c64d, createPlayer]: "POST" ["player"] "{\n    \"name\": \"Lukas\",\n    \"email\": \"Ali12@hotmail.com\"\n}"Created player with id: 9
[ca896a4e-60a4-4544-8ae4-19fdcb78c64d, createPlayer]: "POST" ["player"] "{\n    \"name\": \"Lukas\",\n    \"email\": \"Ali12@hotmail.com\"\n}"Returning json response: Player {playerId = 9, name = "Lukas", email = "Ali12@hotmail.com"}
[be66d70a-cc9b-4352-84a8-ae0288db9c7c, initial]: "GET" ["player","Ali12@hotmail.com"] ""Incoming request
[be66d70a-cc9b-4352-84a8-ae0288db9c7c, initial]: "GET" ["player","Ali12@hotmail.com"] ""Retrieving player with email: "Ali12@hotmail.com"
[be66d70a-cc9b-4352-84a8-ae0288db9c7c, getPlayer]: "GET" ["player","Ali12@hotmail.com"] ""Returning json response: Player {playerId = 9, name = "Lukas", email = "Ali12@hotmail.com"}
[523cd5fd-72ba-420a-86c3-7fbfb8397841, initial]: "GET" ["player","Ali12@hotmail.com"] ""Incoming request
[523cd5fd-72ba-420a-86c3-7fbfb8397841, initial]: "GET" ["player","Ali12@hotmail.com"] ""Retrieving player with email: "Ali12@hotmail.com"
[523cd5fd-72ba-420a-86c3-7fbfb8397841, getPlayer]: "GET" ["player","Ali12@hotmail.com"] ""Returning json response: Player {playerId = 9, name = "Lukas", email = "Ali12@hotmail.com"}
[eefea220-a40b-4229-9d0b-41db88cd6a10, initial]: "GET" ["player","Ali12@hotmail.comasd"] ""Incoming request
[eefea220-a40b-4229-9d0b-41db88cd6a10, initial]: "GET" ["player","Ali12@hotmail.comasd"] ""Retrieving player with email: "Ali12@hotmail.comasd"
[42af57d2-2339-43d7-aeeb-908980522a1f, initial]: "GET" ["player","Ali12@hotmail.com"] ""Incoming request
[42af57d2-2339-43d7-aeeb-908980522a1f, initial]: "GET" ["player","Ali12@hotmail.com"] ""Retrieving player with email: "Ali12@hotmail.com"
[42af57d2-2339-43d7-aeeb-908980522a1f, getPlayer]: "GET" ["player","Ali12@hotmail.com"] ""Returning json response: Player {playerId = 9, name = "Lukas", email = "Ali12@hotmail.com"}
[4c20c0ae-e0ee-46b0-9fcc-ea6f20a0efa2, initial]: "GET" ["player","Ali12@hotmail.comasd"] ""Incoming request
[4c20c0ae-e0ee-46b0-9fcc-ea6f20a0efa2, initial]: "GET" ["player","Ali12@hotmail.comasd"] ""Retrieving player with email: "Ali12@hotmail.comasd"
[4c20c0ae-e0ee-46b0-9fcc-ea6f20a0efa2, getPlayer]: "GET" ["player","Ali12@hotmail.comasd"] ""Returning error response: 
